11:26:09.981 [main] INFO  fr.afcepf.al34.logger.GoodLogger - essai log
12:03:05.340 [main] DEBUG fr.afcepf.al34.factory.MegaFactory - uniqueInstance=fr.afcepf.al34.factory.MegaFactory@6043cd28
12:04:03.297 [main] DEBUG fr.afcepf.al34.factory.MegaFactory - uniqueInstance=fr.afcepf.al34.factory.MegaFactory@6043cd28
12:04:34.161 [main] DEBUG fr.afcepf.al34.factory.MegaFactory - uniqueInstance=fr.afcepf.al34.factory.MegaFactory@6043cd28
12:04:52.566 [main] DEBUG fr.afcepf.al34.factory.MegaFactory - uniqueInstance=fr.afcepf.al34.factory.MegaFactory@6043cd28
12:04:52.566 [main] INFO  fr.afcepf.al34.logger.GoodLogger - addition(5,6)=11
12:04:52.566 [main] INFO  fr.afcepf.al34.logger.GoodLogger - multiplication(5,6)=30
12:07:29.987 [main] DEBUG fr.afcepf.al34.factory.MegaFactory - uniqueInstance=fr.afcepf.al34.factory.MegaFactory@6043cd28
12:07:30.020 [main] INFO  fr.afcepf.al34.logger.GoodLogger - addition(5,6)=11
12:07:30.035 [main] INFO  fr.afcepf.al34.logger.GoodLogger - multiplication(5,6)=30
12:17:57.940 [main] DEBUG fr.afcepf.al34.factory.MegaFactory - uniqueInstance=fr.afcepf.al34.factory.MegaFactory@6043cd28
12:17:57.940 [main] INFO  fr.afcepf.al34.logger.GoodLogger - addition(5,6)=11
12:17:57.940 [main] INFO  fr.afcepf.al34.logger.GoodLogger - multiplication(5,6)=30
12:18:58.411 [main] DEBUG fr.afcepf.al34.factory.MegaFactory - uniqueInstance=fr.afcepf.al34.factory.MegaFactory@6043cd28
12:19:19.679 [main] DEBUG fr.afcepf.al34.factory.MegaFactory - uniqueInstance=fr.afcepf.al34.factory.MegaFactory@6043cd28
12:20:05.157 [main] DEBUG fr.afcepf.al34.factory.MegaFactory - uniqueInstance=fr.afcepf.al34.factory.MegaFactory@6043cd28
12:20:05.157 [main] INFO  fr.afcepf.al34.logger.GoodLogger - addition(5,6)=11
12:20:05.157 [main] INFO  fr.afcepf.al34.logger.GoodLogger - multiplication(5,6)=30
14:07:29.622 [main] DEBUG fr.afcepf.al34.factory.MegaFactory - uniqueInstance=fr.afcepf.al34.factory.MegaFactory@6043cd28
14:07:29.638 [main] INFO  fr.afcepf.al34.logger.GoodLogger - addition(5,6)=11
14:07:29.638 [main] INFO  fr.afcepf.al34.logger.GoodLogger - multiplication(5,6)=30
14:17:14.126 [main] DEBUG fr.afcepf.al34.factory.MegaFactory - uniqueInstance=fr.afcepf.al34.factory.MegaFactory@6043cd28
14:17:14.126 [main] INFO  fr.afcepf.al34.logger.GoodLogger - addition(5,6)=11
14:17:14.126 [main] INFO  fr.afcepf.al34.logger.GoodLogger - multiplication(5,6)=30
14:18:23.598 [main] DEBUG fr.afcepf.al34.factory.MegaFactory - uniqueInstance=fr.afcepf.al34.factory.MegaFactory@6043cd28
14:18:23.598 [main] INFO  fr.afcepf.al34.logger.GoodLogger - essai log
14:18:23.598 [main] INFO  fr.afcepf.al34.logger.GoodLogger - addition(5,6)=11
14:18:23.598 [main] INFO  fr.afcepf.al34.logger.GoodLogger - multiplication(5,6)=30
14:23:18.477 [main] DEBUG fr.afcepf.al34.factory.MegaFactory - uniqueInstance=fr.afcepf.al34.factory.MegaFactory@6043cd28
15:02:20.373 [main] DEBUG fr.afcepf.al34.factory.MegaFactory - uniqueInstance=fr.afcepf.al34.factory.MegaFactory@6043cd28
15:06:11.435 [main] DEBUG fr.afcepf.al34.factory.MegaFactory - uniqueInstance=fr.afcepf.al34.factory.MegaFactory@6043cd28
15:06:45.972 [main] DEBUG fr.afcepf.al34.factory.MegaFactory - uniqueInstance=fr.afcepf.al34.factory.MegaFactory@6043cd28
15:06:45.972 [main] TRACE fr.afcepf.al34.factory.MegaFactoryAvecInjection - injection au sein de fr.afcepf.al34.calculateur.CalculateurAvecLog
15:11:36.182 [main] DEBUG fr.afcepf.al34.factory.MegaFactory - uniqueInstance=fr.afcepf.al34.factory.MegaFactory@6043cd28
15:11:36.198 [main] TRACE fr.afcepf.al34.factory.MegaFactoryAvecInjection - injection au sein de fr.afcepf.al34.calculateur.CalculateurAvecLog
15:11:36.199 [main] TRACE fr.afcepf.al34.factory.MegaFactoryAvecInjection - 	 attribut=myLogger
15:11:36.199 [main] TRACE fr.afcepf.al34.factory.MegaFactoryAvecInjection - 	 attribut=commentaireQuiVaBien
15:14:21.467 [main] DEBUG fr.afcepf.al34.factory.MegaFactory - uniqueInstance=fr.afcepf.al34.factory.MegaFactory@6043cd28
15:14:21.467 [main] TRACE fr.afcepf.al34.factory.MegaFactoryAvecInjection - injection au sein de fr.afcepf.al34.calculateur.CalculateurAvecLog
15:14:21.467 [main] TRACE fr.afcepf.al34.factory.MegaFactoryAvecInjection - 	 attribut=myLogger de type MyLogger
15:14:21.467 [main] TRACE fr.afcepf.al34.factory.MegaFactoryAvecInjection - 	 attribut=commentaireQuiVaBien de type String
09:31:34.910 [main] DEBUG fr.afcepf.al34.factory.MegaFactory - uniqueInstance=fr.afcepf.al34.factory.MegaFactory@6043cd28
09:31:34.925 [main] TRACE fr.afcepf.al34.factory.MegaFactoryAvecInjection - injection au sein de fr.afcepf.al34.calculateur.CalculateurAvecLog
09:31:34.925 [main] TRACE fr.afcepf.al34.factory.MegaFactoryAvecInjection - 	 attribut=myLogger de type MyLogger
09:31:34.925 [main] TRACE fr.afcepf.al34.factory.MegaFactoryAvecInjection - 	 attribut=commentaireQuiVaBien de type String
